<?xml version="1.0" encoding="UTF-8"?>
<!-- Generated by org.testng.reporters.JUnitXMLReporter -->
<testsuite ignored="1" hostname="Arijeet" failures="1" tests="1" name="Test(failed)" time="6.823" errors="0" timestamp="2025-05-07T16:33:16 IST">
  <testcase classname="InventoryTests.AddProductToCartTest" name="SampleTest" time="0.023">
    <failure type="java.lang.AssertionError" message="null">
      <![CDATA[java.lang.AssertionError: null
at InventoryTests.AddProductToCartTest.SampleTest(AddProductToCartTest.java:46)
at java.base/java.util.ArrayList.forEach(ArrayList.java:1596)
... Removed 27 stack frames]]>
    </failure>
  </testcase> <!-- SampleTest -->
  <testcase classname="InventoryTests.AddProductToCartTest" name="tc_01_AddProductToCartTest" time="0.0">
    <ignored/>
  </testcase> <!-- tc_01_AddProductToCartTest -->
</testsuite> <!-- Test(failed) -->
